<?xml version="1.0" encoding="UTF-8"?>
<root>
  <data><![CDATA[This is some CDATA text with < and > characters.]]></data>
</root>
